生成启动时间为 2022/4/2 16:06:57。
     1>项目“E:\学习类\c语言题库整理\套题\c语言第49套\答案\blank1\blank1\blank1.vcxproj”在节点 2 上(build 个目标)。
     1>PrepareForBuild:
         正在创建目录“E:\学习类\c语言题库整理\套题\c语言第49套\答案\blank1\Debug\”。
       InitializeBuildStatus:
         正在创建“Debug\blank1.unsuccessfulbuild”，因为已指定“AlwaysCreate”。
       ClCompile:
         d:\360安全浏览器下载\VC\bin\CL.exe /c /ZI /nologo /W3 /WX- /Od /Oy- /D WIN32 /D _DEBUG /D _CONSOLE /D _UNICODE /D UNICODE /Gm /EHsc /RTC1 /MDd /GS /fp:precise /Zc:wchar_t /Zc:forScope /Fo"Debug\\" /Fd"Debug\vc100.pdb" /Gd /TC /analyze- /errorReport:prompt ..\blank1.c
         blank1.c
     1>e:\学习类\c语言题库整理\套题\c语言第49套\答案\blank1\blank1.c(21): warning C4996: 'scanf': This function or variable may be unsafe. Consider using scanf_s instead. To disable deprecation, use _CRT_SECURE_NO_WARNINGS. See online help for details.
                 d:\360安全浏览器下载\vc\include\stdio.h(304) : 参见“scanf”的声明
       ManifestResourceCompile:
         C:\Program Files (x86)\Microsoft SDKs\Windows\v7.0A\bin\rc.exe /nologo /fo"Debug\blank1.exe.embed.manifest.res" Debug\blank1_manifest.rc 
       Link:
         d:\360安全浏览器下载\VC\bin\link.exe /ERRORREPORT:PROMPT /OUT:"E:\学习类\c语言题库整理\套题\c语言第49套\答案\blank1\Debug\blank1.exe" /INCREMENTAL /NOLOGO kernel32.lib user32.lib gdi32.lib winspool.lib comdlg32.lib advapi32.lib shell32.lib ole32.lib oleaut32.lib uuid.lib odbc32.lib odbccp32.lib /MANIFEST /ManifestFile:"Debug\blank1.exe.intermediate.manifest" /MANIFESTUAC:"level='asInvoker' uiAccess='false'" /DEBUG /PDB:"E:\学习类\c语言题库整理\套题\c语言第49套\答案\blank1\Debug\blank1.pdb" /SUBSYSTEM:CONSOLE /TLBID:1 /DYNAMICBASE /NXCOMPAT /IMPLIB:"E:\学习类\c语言题库整理\套题\c语言第49套\答案\blank1\Debug\blank1.lib" /MACHINE:X86 Debug\blank1.exe.embed.manifest.res
         Debug\blank1.obj
       Manifest:
         C:\Program Files (x86)\Microsoft SDKs\Windows\v7.0A\bin\mt.exe /nologo /verbose /out:"Debug\blank1.exe.embed.manifest" /manifest Debug\blank1.exe.intermediate.manifest
         C:\Program Files (x86)\Microsoft SDKs\Windows\v7.0A\bin\rc.exe /nologo /fo"Debug\blank1.exe.embed.manifest.res" Debug\blank1_manifest.rc 
       LinkEmbedManifest:
         d:\360安全浏览器下载\VC\bin\link.exe /ERRORREPORT:PROMPT /OUT:"E:\学习类\c语言题库整理\套题\c语言第49套\答案\blank1\Debug\blank1.exe" /INCREMENTAL /NOLOGO kernel32.lib user32.lib gdi32.lib winspool.lib comdlg32.lib advapi32.lib shell32.lib ole32.lib oleaut32.lib uuid.lib odbc32.lib odbccp32.lib /MANIFEST /ManifestFile:"Debug\blank1.exe.intermediate.manifest" /MANIFESTUAC:"level='asInvoker' uiAccess='false'" /DEBUG /PDB:"E:\学习类\c语言题库整理\套题\c语言第49套\答案\blank1\Debug\blank1.pdb" /SUBSYSTEM:CONSOLE /TLBID:1 /DYNAMICBASE /NXCOMPAT /IMPLIB:"E:\学习类\c语言题库整理\套题\c语言第49套\答案\blank1\Debug\blank1.lib" /MACHINE:X86 Debug\blank1.exe.embed.manifest.res
         Debug\blank1.obj
         blank1.vcxproj -> E:\学习类\c语言题库整理\套题\c语言第49套\答案\blank1\Debug\blank1.exe
       FinalizeBuildStatus:
         正在删除文件“Debug\blank1.unsuccessfulbuild”。
         正在对“Debug\blank1.lastbuildstate”执行 Touch 任务。
     1>已完成生成项目“E:\学习类\c语言题库整理\套题\c语言第49套\答案\blank1\blank1\blank1.vcxproj”(build 个目标)的操作。

生成成功。

已用时间 00:00:10.75
